{"/home/willow/Documents/tests/react-native-debug-address/src/addresses.js": {"path":"/home/willow/Documents/tests/react-native-debug-address/src/addresses.js","statementMap":{"0":{"start":{"line":1,"column":27},"end":{"line":1,"column":61}},"1":{"start":{"line":1,"column":37},"end":{"line":1,"column":61}},"2":{"start":{"line":3,"column":21},"end":{"line":3,"column":58}},"3":{"start":{"line":3,"column":32},"end":{"line":3,"column":58}},"4":{"start":{"line":4,"column":20},"end":{"line":13,"column":1}},"5":{"start":{"line":5,"column":17},"end":{"line":5,"column":30}},"6":{"start":{"line":6,"column":2},"end":{"line":8,"column":3}},"7":{"start":{"line":7,"column":4},"end":{"line":7,"column":17}},"8":{"start":{"line":10,"column":26},"end":{"line":10,"column":44}},"9":{"start":{"line":12,"column":2},"end":{"line":12,"column":45}},"10":{"start":{"line":14,"column":20},"end":{"line":24,"column":1}},"11":{"start":{"line":15,"column":17},"end":{"line":15,"column":30}},"12":{"start":{"line":16,"column":2},"end":{"line":18,"column":3}},"13":{"start":{"line":17,"column":4},"end":{"line":17,"column":17}},"14":{"start":{"line":20,"column":20},"end":{"line":20,"column":53}},"15":{"start":{"line":20,"column":40},"end":{"line":20,"column":52}},"16":{"start":{"line":21,"column":26},"end":{"line":21,"column":47}},"17":{"start":{"line":23,"column":2},"end":{"line":23,"column":45}},"18":{"start":{"line":25,"column":27},"end":{"line":26,"column":64}},"19":{"start":{"line":26,"column":2},"end":{"line":26,"column":64}},"20":{"start":{"line":28,"column":31},"end":{"line":50,"column":1}},"21":{"start":{"line":29,"column":18},"end":{"line":29,"column":42}},"22":{"start":{"line":30,"column":26},"end":{"line":30,"column":40}},"23":{"start":{"line":32,"column":18},"end":{"line":32,"column":77}},"24":{"start":{"line":33,"column":15},"end":{"line":33,"column":85}},"25":{"start":{"line":35,"column":29},"end":{"line":35,"column":71}},"26":{"start":{"line":36,"column":15},"end":{"line":36,"column":68}},"27":{"start":{"line":38,"column":2},"end":{"line":40,"column":3}},"28":{"start":{"line":39,"column":4},"end":{"line":39,"column":51}},"29":{"start":{"line":42,"column":2},"end":{"line":44,"column":3}},"30":{"start":{"line":43,"column":4},"end":{"line":43,"column":46}},"31":{"start":{"line":45,"column":2},"end":{"line":47,"column":3}},"32":{"start":{"line":46,"column":4},"end":{"line":46,"column":46}},"33":{"start":{"line":49,"column":2},"end":{"line":49,"column":22}}},"fnMap":{"0":{"name":"(anonymous_0)","decl":{"start":{"line":1,"column":27},"end":{"line":1,"column":28}},"loc":{"start":{"line":1,"column":37},"end":{"line":1,"column":61}},"line":1},"1":{"name":"(anonymous_1)","decl":{"start":{"line":3,"column":21},"end":{"line":3,"column":22}},"loc":{"start":{"line":3,"column":32},"end":{"line":3,"column":58}},"line":3},"2":{"name":"(anonymous_2)","decl":{"start":{"line":4,"column":20},"end":{"line":4,"column":21}},"loc":{"start":{"line":4,"column":28},"end":{"line":13,"column":1}},"line":4},"3":{"name":"(anonymous_3)","decl":{"start":{"line":14,"column":20},"end":{"line":14,"column":21}},"loc":{"start":{"line":14,"column":28},"end":{"line":24,"column":1}},"line":14},"4":{"name":"(anonymous_4)","decl":{"start":{"line":20,"column":31},"end":{"line":20,"column":32}},"loc":{"start":{"line":20,"column":40},"end":{"line":20,"column":52}},"line":20},"5":{"name":"(anonymous_5)","decl":{"start":{"line":25,"column":27},"end":{"line":25,"column":28}},"loc":{"start":{"line":26,"column":2},"end":{"line":26,"column":64}},"line":26},"6":{"name":"(anonymous_6)","decl":{"start":{"line":28,"column":31},"end":{"line":28,"column":32}},"loc":{"start":{"line":28,"column":44},"end":{"line":50,"column":1}},"line":28}},"branchMap":{"0":{"loc":{"start":{"line":1,"column":37},"end":{"line":1,"column":61}},"type":"binary-expr","locations":[{"start":{"line":1,"column":37},"end":{"line":1,"column":45}},{"start":{"line":1,"column":49},"end":{"line":1,"column":61}}],"line":1},"1":{"loc":{"start":{"line":3,"column":32},"end":{"line":3,"column":58}},"type":"binary-expr","locations":[{"start":{"line":3,"column":32},"end":{"line":3,"column":42}},{"start":{"line":3,"column":46},"end":{"line":3,"column":58}}],"line":3},"2":{"loc":{"start":{"line":6,"column":2},"end":{"line":8,"column":3}},"type":"if","locations":[{"start":{"line":6,"column":2},"end":{"line":8,"column":3}},{"start":{"line":6,"column":2},"end":{"line":8,"column":3}}],"line":6},"3":{"loc":{"start":{"line":16,"column":2},"end":{"line":18,"column":3}},"type":"if","locations":[{"start":{"line":16,"column":2},"end":{"line":18,"column":3}},{"start":{"line":16,"column":2},"end":{"line":18,"column":3}}],"line":16},"4":{"loc":{"start":{"line":26,"column":2},"end":{"line":26,"column":64}},"type":"binary-expr","locations":[{"start":{"line":26,"column":2},"end":{"line":26,"column":19}},{"start":{"line":26,"column":23},"end":{"line":26,"column":40}},{"start":{"line":26,"column":44},"end":{"line":26,"column":64}}],"line":26},"5":{"loc":{"start":{"line":32,"column":18},"end":{"line":32,"column":77}},"type":"cond-expr","locations":[{"start":{"line":32,"column":38},"end":{"line":32,"column":67}},{"start":{"line":32,"column":70},"end":{"line":32,"column":77}}],"line":32},"6":{"loc":{"start":{"line":33,"column":15},"end":{"line":33,"column":85}},"type":"cond-expr","locations":[{"start":{"line":33,"column":35},"end":{"line":33,"column":73}},{"start":{"line":33,"column":76},"end":{"line":33,"column":85}}],"line":33},"7":{"loc":{"start":{"line":35,"column":29},"end":{"line":35,"column":71}},"type":"binary-expr","locations":[{"start":{"line":35,"column":29},"end":{"line":35,"column":48}},{"start":{"line":35,"column":52},"end":{"line":35,"column":71}}],"line":35},"8":{"loc":{"start":{"line":36,"column":15},"end":{"line":36,"column":68}},"type":"cond-expr","locations":[{"start":{"line":36,"column":38},"end":{"line":36,"column":58}},{"start":{"line":36,"column":61},"end":{"line":36,"column":68}}],"line":36},"9":{"loc":{"start":{"line":38,"column":2},"end":{"line":40,"column":3}},"type":"if","locations":[{"start":{"line":38,"column":2},"end":{"line":40,"column":3}},{"start":{"line":38,"column":2},"end":{"line":40,"column":3}}],"line":38},"10":{"loc":{"start":{"line":38,"column":6},"end":{"line":38,"column":46}},"type":"binary-expr","locations":[{"start":{"line":38,"column":6},"end":{"line":38,"column":24}},{"start":{"line":38,"column":28},"end":{"line":38,"column":46}}],"line":38},"11":{"loc":{"start":{"line":42,"column":2},"end":{"line":44,"column":3}},"type":"if","locations":[{"start":{"line":42,"column":2},"end":{"line":44,"column":3}},{"start":{"line":42,"column":2},"end":{"line":44,"column":3}}],"line":42},"12":{"loc":{"start":{"line":45,"column":2},"end":{"line":47,"column":3}},"type":"if","locations":[{"start":{"line":45,"column":2},"end":{"line":47,"column":3}},{"start":{"line":45,"column":2},"end":{"line":47,"column":3}}],"line":45},"13":{"loc":{"start":{"line":45,"column":6},"end":{"line":45,"column":46}},"type":"binary-expr","locations":[{"start":{"line":45,"column":6},"end":{"line":45,"column":24}},{"start":{"line":45,"column":28},"end":{"line":45,"column":46}}],"line":45}},"s":{"0":3,"1":12,"2":3,"3":80,"4":3,"5":17,"6":17,"7":8,"8":9,"9":9,"10":3,"11":17,"12":17,"13":6,"14":11,"15":66,"16":11,"17":11,"18":3,"19":17,"20":3,"21":12,"22":12,"23":12,"24":12,"25":12,"26":12,"27":12,"28":1,"29":11,"30":3,"31":8,"32":2,"33":6},"f":{"0":12,"1":80,"2":17,"3":17,"4":66,"5":17,"6":12},"b":{"0":[12,10],"1":[80,79],"2":[8,9],"3":[6,11],"4":[17,12,7],"5":[10,2],"6":[10,2],"7":[12,5],"8":[5,7],"9":[1,11],"10":[12,5],"11":[3,8],"12":[2,6],"13":[8,7]},"_coverageSchema":"1a1c01bbd47fc00a2c39e90264f33305004495a9","hash":"7585a08a5040a17105ac5fa63983199e62ebd13f"}
}
