TN:
SF:src/addresses.js
FN:1,(anonymous_0)
FN:3,(anonymous_1)
FN:4,(anonymous_2)
FN:14,(anonymous_3)
FN:20,(anonymous_4)
FN:25,(anonymous_5)
FN:28,(anonymous_6)
FNF:7
FNH:7
FNDA:12,(anonymous_0)
FNDA:80,(anonymous_1)
FNDA:17,(anonymous_2)
FNDA:17,(anonymous_3)
FNDA:66,(anonymous_4)
FNDA:17,(anonymous_5)
FNDA:12,(anonymous_6)
DA:1,12
DA:3,80
DA:4,3
DA:5,17
DA:6,17
DA:7,8
DA:10,9
DA:12,9
DA:14,3
DA:15,17
DA:16,17
DA:17,6
DA:20,66
DA:21,11
DA:23,11
DA:25,3
DA:26,17
DA:28,3
DA:29,12
DA:30,12
DA:32,12
DA:33,12
DA:35,12
DA:36,12
DA:38,12
DA:39,1
DA:42,11
DA:43,3
DA:45,8
DA:46,2
DA:49,6
LF:31
LH:31
BRDA:1,0,0,12
BRDA:1,0,1,10
BRDA:3,1,0,80
BRDA:3,1,1,79
BRDA:6,2,0,8
BRDA:6,2,1,9
BRDA:16,3,0,6
BRDA:16,3,1,11
BRDA:26,4,0,17
BRDA:26,4,1,12
BRDA:26,4,2,7
BRDA:32,5,0,10
BRDA:32,5,1,2
BRDA:33,6,0,10
BRDA:33,6,1,2
BRDA:35,7,0,12
BRDA:35,7,1,5
BRDA:36,8,0,5
BRDA:36,8,1,7
BRDA:38,9,0,1
BRDA:38,9,1,11
BRDA:38,10,0,12
BRDA:38,10,1,5
BRDA:42,11,0,3
BRDA:42,11,1,8
BRDA:45,12,0,2
BRDA:45,12,1,6
BRDA:45,13,0,8
BRDA:45,13,1,7
BRF:29
BRH:29
end_of_record
